Log-file from 2016-08-03

Time         Event
09:01:48,765 101.prg rejected
09:01:51,665 101.cs imported
09:04:27,371 101.prg imported
09:04:28,823 101.prg compiled
09:20:36,383 User          / 3 admin
09:20:56,272 mode_Auto     /
09:20:58,860 CheckPrg      \ -101
09:20:59,856 Servopower    /
09:21:11,081 CheckPrg      \ 101
09:21:15,449 mode_T1       /
09:21:21,325 mode_T2       /
09:21:39,134 CheckPrg      \ 101
09:21:39,450 CheckPrg      \ 101
09:21:40,198 CheckPrg      \ 101
09:21:49,030 StartPrg      / conv: 4.29495e+07mm.
09:21:49,122 BreakPrg      / conv: 0.01mm.
09:21:50,694 ContinuePrg   / conv: 0.03mm.
09:21:51,114 MainPrg       / 101
09:21:51,174 LdCs          \ 101
09:21:53,534 BreakPrg      / conv: 79.64mm.
09:21:55,187 ContinuePrg   / conv: 97.07mm.
09:21:55,375 BreakPrg      / conv: 97.63mm.
09:21:56,219 ContinuePrg   / conv: 98.33mm.
09:21:58,235 BreakPrg      / conv: 149.92mm.
09:22:01,615 ContinuePrg   / conv: 167.21mm.
09:22:48,883 MainPrg       \ 101 conv: 3330.63mm.

09:22:51,780 mode_T1       /
09:22:51,928 mode_T1       /
09:22:53,112 mode_T1       /
09:22:55,176 mode_T2       /
09:23:06,656 mode_T1       /
09:26:34,848 Dokumente - Verknüpfung. rejected
09:28:20,152 42040.prg imported
09:28:21,405 42040.prg compiled
11:01:54,038 User          \
