Log-file from 2016-06-28

Time         Event
10:52:50,874 User          / 3 admin
10:52:53,634 admin changed Tool1
10:52:55,874 admin changed Tool1
11:09:28,637 admin changed Tool1
14:04:08,353 admin changed Tool2
14:04:10,273 admin changed Tool3
14:04:12,193 admin changed Tool4
14:04:14,073 admin changed Tool5
14:04:15,953 admin changed Tool7
14:04:18,194 admin changed Tool9
14:04:21,354 admin changed Tool11
14:04:23,674 admin changed Tool13
14:04:25,834 admin changed Tool15
14:04:27,674 admin changed Tool16
14:04:29,514 admin changed Tool17
14:04:31,274 admin changed Tool18
14:04:33,154 admin changed Tool19
14:04:36,074 admin changed Tool20
14:04:37,914 admin changed Tool21
14:04:39,674 admin changed Tool22
14:04:41,434 admin changed Tool23
14:04:43,234 admin changed Tool24
14:04:45,075 admin changed Tool25
14:04:47,115 admin changed Tool26
14:04:49,475 admin changed Tool27
14:04:51,555 admin changed Tool28
14:04:53,395 admin changed Tool29
14:04:56,355 admin changed Tool30
14:04:58,595 admin changed Tool31
14:05:00,555 admin changed Tool32
14:05:02,395 admin changed Tool33
14:05:04,955 admin changed Tool34
14:05:06,595 admin changed Tool35
14:05:08,275 admin changed Tool36
14:05:10,076 admin changed Tool37
14:05:12,076 admin changed Tool38
14:05:13,996 admin changed Tool39
14:05:16,796 admin changed Tool40
14:05:18,676 admin changed Tool41
14:05:20,476 admin changed Tool42
14:05:22,356 admin changed Tool43
14:05:24,236 admin changed Tool44
14:05:26,196 admin changed Tool45
14:05:28,036 admin changed Tool46
14:05:29,796 admin changed Tool47
14:05:31,716 admin changed Tool48
14:05:33,596 admin changed Tool49
14:05:36,597 admin changed Tool50
14:05:38,597 admin changed Tool51
14:05:40,957 admin changed Tool52
14:05:42,917 admin changed Tool53
14:05:44,717 admin changed Tool54
14:05:46,597 admin changed Tool55
14:05:48,357 admin changed Tool56
14:05:50,037 admin changed Tool57
14:05:51,757 admin changed Tool58
14:05:53,597 admin changed Tool59
14:05:56,517 admin changed Tool60
14:05:58,917 admin changed Tool61
14:06:00,718 admin changed Tool62
14:06:02,438 admin changed Tool63
14:06:04,198 admin changed Tool64
14:06:05,998 admin changed Tool65
14:06:07,958 admin changed Tool66
14:06:09,838 admin changed Tool67
14:06:11,838 admin changed Tool68
14:06:13,518 admin changed Tool69
14:06:16,238 admin changed Tool70
14:06:18,158 admin changed Tool71
14:06:19,798 admin changed Tool72
14:06:21,558 admin changed Tool73
14:06:23,478 admin changed Tool74
14:06:25,559 admin changed Tool75
14:06:27,199 admin changed Tool76
14:06:28,959 admin changed Tool77
14:06:30,679 admin changed Tool78
14:06:32,399 admin changed Tool79
14:06:35,479 admin changed Tool80
14:06:37,319 admin changed Tool81
14:06:39,159 admin changed Tool82
14:06:40,839 admin changed Tool83
14:06:42,559 admin changed Tool84
14:06:44,239 admin changed Tool85
14:06:45,919 admin changed Tool86
14:06:47,559 admin changed Tool87
14:06:49,439 admin changed Tool88
14:06:51,320 admin changed Tool89
14:06:54,760 admin changed Tool90
14:06:57,040 admin changed Tool91
14:06:58,720 admin changed Tool92
14:07:00,440 admin changed Tool93
14:07:02,120 admin changed Tool94
14:07:03,760 admin changed Tool95
14:07:05,720 admin changed Tool96
17:38:39,947 User          \
