Log-file from 2016-07-13

Time         Event
09:17:39,486 mode_Auto     /
09:17:39,982 mode_AutoExt  /
09:17:40,458 Servopower    /
09:17:40,570 CheckPrg      / 90202
09:17:40,694 CheckPrg      \ 90202
09:17:49,219 AckError_ext  /

09:18:04,319 StartPrg_ext  /
09:18:04,319 StartPrg ignored, invalid number.
09:18:04,319 ConvReset     / conv: 0mm.
09:18:04,959 MainPrg       / 90202
09:18:23,832 mode_Auto     /
09:18:24,660 mode_T1       /
09:18:24,660 MainPrg       \ 90202 conv: 1068.73mm.

09:18:24,664 StopPrg       /
09:19:49,623 User          / 3 admin
09:21:16,370 mode_Auto     /
09:21:17,218 mode_AutoExt  /
09:21:17,322 CheckPrg      / 90202
09:21:17,370 CheckPrg      \ 90202
09:21:23,271 AckError_ext  /

09:21:29,771 StartPrg_ext  /
09:21:29,771 StartPrg ignored, invalid number.
09:21:29,771 ConvReset     / conv: 4mm.
09:21:30,375 MainPrg       / 90202
09:21:47,936 MainPrg       \ 90202 conv: 558.82mm.

09:21:48,008 mode_Auto     /
09:21:48,292 mode_T1       /
09:22:56,070 mode_Auto     /
09:22:56,466 mode_AutoExt  /
09:22:56,574 CheckPrg      / 90202
09:22:56,622 CheckPrg      \ 90202
09:23:00,316 AckError_ext  /

09:23:06,386 StartPrg_ext  /
09:23:06,386 StartPrg ignored, invalid number.
09:23:06,386 ConvReset     / conv: 3mm.
09:23:07,034 MainPrg       / 90202
09:24:24,189 mode_Auto     /
09:24:24,669 mode_T1       /
09:24:24,669 MainPrg       \ 90202 conv: 3846.78mm.

09:24:24,673 StopPrg       /
09:26:02,029 mode_Auto     /
09:26:02,461 mode_AutoExt  /
09:26:02,589 CheckPrg      / 90202
09:26:02,641 CheckPrg      \ 90202
09:26:05,841 AckError_ext  /

09:26:11,389 StartPrg_ext  /
09:26:11,389 StartPrg ignored, invalid number.
09:26:11,389 ConvReset     / conv: 0mm.
09:26:12,041 MainPrg       / 90202
09:27:22,680 MainPrg       \ 90202 conv: 4629.5mm.

09:27:25,824 mode_Auto     /
09:27:26,860 mode_T1       /
09:34:19,886 mode_Auto     /
09:34:20,178 mode_AutoExt  /
09:34:20,310 CheckPrg      / 90202
09:34:20,494 CheckPrg      \ 90202
09:34:26,110 AckError_ext  /

09:34:38,507 StartPrg_ext  /
09:34:38,507 StartPrg ignored, invalid number.
09:34:38,507 ConvReset     / conv: 4000mm.
09:34:39,131 MainPrg       / 90202
09:35:42,173 MainPrg       \ 90202 conv: 4084.61mm.

09:35:44,082 mode_Auto     /
09:35:44,298 mode_T1       /
09:35:58,066 admin changed conveyor settings: entered or calculated new factor 39221
09:36:12,867 admin changed Base offset: dy -4
09:36:33,643 mode_Auto     /
09:36:33,912 mode_AutoExt  /
09:36:34,012 CheckPrg      / 90202
09:36:34,132 CheckPrg      \ 90202
09:36:39,212 AckError_ext  /

09:36:50,912 StartPrg_ext  /
09:36:50,912 StartPrg ignored, invalid number.
09:36:50,912 ConvReset     / conv: 0mm.
09:36:51,536 MainPrg       / 90202
09:37:55,595 MainPrg       \ 90202 conv: 4054.94mm.

09:37:56,659 mode_Auto     /
09:37:56,951 mode_T1       /
09:38:21,192 admin changed conveyor settings: entered or calculated new factor 39144
09:38:52,109 mode_T1       /
09:40:39,637 mode_Auto     /
09:40:39,917 mode_AutoExt  /
09:40:40,013 CheckPrg      / 90202
09:40:40,137 CheckPrg      \ 90202
09:40:44,413 AckError_ext  /

09:40:51,866 StartPrg_ext  /
09:40:51,866 StartPrg ignored, invalid number.
09:40:51,866 ConvReset     / conv: 0mm.
09:40:52,438 MainPrg       / 90202
09:41:55,476 MainPrg       \ 90202 conv: 4059.04mm.

09:41:56,568 mode_Auto     /
09:41:56,784 mode_T1       /
09:42:05,761 admin changed conveyor settings: entered or calculated new factor 39173
09:42:28,201 mode_Auto     /
09:42:29,673 mode_AutoExt  /
09:42:29,765 CheckPrg      / 90202
09:42:29,890 CheckPrg      \ 90202
09:42:35,366 AckError_ext  /

09:43:26,316 CheckPrg      / 90201
09:43:26,428 CheckPrg      \ 90201
09:43:31,268 AckError_ext  /

09:43:40,068 StartPrg_ext  /
09:43:40,068 StartPrg ignored, invalid number.
09:43:40,068 ConvReset     / conv: 0mm.
09:43:40,820 MainPrg       / 90201
09:44:20,978 MainPrg       \ 90201 conv: 2613.2mm.

09:44:21,490 mode_Auto     /
09:44:21,642 mode_T1       /
09:44:39,159 mode_Auto     /
09:44:39,575 mode_AutoExt  /
09:44:39,667 CheckPrg      / 90203
09:44:39,803 CheckPrg      \ 90203
09:44:44,119 AckError_ext  /

09:44:49,219 StartPrg_ext  /
09:44:49,219 StartPrg ignored, invalid number.
09:44:49,219 ConvReset     / conv: 0mm.
09:44:49,847 MainPrg       / 90203
09:46:06,848 MainPrg       \ 90203 conv: 5174.13mm.

09:46:16,324 mode_Auto     /
09:46:16,380 mode_T1       /
09:46:57,302 mode_Auto     /
09:46:57,706 mode_AutoExt  /
09:46:57,830 CheckPrg      / 90203
09:46:57,954 CheckPrg      \ 90203
09:47:01,682 AckError_ext  /

09:47:18,431 CheckPrg      / 90204
09:47:18,543 CheckPrg      \ 90204
09:47:26,283 StartPrg_ext  /
09:47:26,283 StartPrg ignored, invalid number.
09:47:26,283 ConvReset     / conv: 0mm.
09:47:26,915 MainPrg       / 90204
09:48:29,950 MainPrg       \ 90204 conv: 4096.2mm.

09:48:31,678 mode_Auto     /
09:48:31,870 mode_T1       /
09:54:39,472 admin changed Base offset: dz -8
10:26:49,992 admin changed Base offset: dz -8.5
10:30:18,254 mode_Auto     /
10:30:18,770 mode_AutoExt  /
10:30:18,866 CheckPrg      / 90201
10:30:18,986 CheckPrg      \ 90201
10:30:23,566 AckError_ext  /

10:30:44,315 StartPrg_ext  /
10:30:44,315 StartPrg ignored, invalid number.
10:30:44,315 ConvReset     / conv: 0mm.
10:30:44,963 MainPrg       / 90201
10:31:25,225 MainPrg       \ 90201 conv: 2563.52mm.

10:31:25,737 mode_Auto     /
10:31:25,921 mode_T1       /
10:31:53,738 mode_Auto     /
10:31:53,966 mode_AutoExt  /
10:31:54,070 CheckPrg      / 90201
10:31:54,198 CheckPrg      \ 90201
10:31:58,218 AckError_ext  /

10:32:13,667 StartPrg_ext  /
10:32:13,667 StartPrg ignored, invalid number.
10:32:13,667 ConvReset     / conv: 0mm.
10:32:14,263 MainPrg       / 90201
10:34:00,255 MainPrg       \ 90201 conv: 2589.41mm.

10:34:04,259 mode_T1       /
10:34:26,892 mode_Auto     /
10:34:27,548 mode_AutoExt  /
10:34:27,672 CheckPrg      / 90201
10:34:27,796 CheckPrg      \ 90201
10:34:45,921 CheckPrg      / 90202
10:34:45,969 CheckPrg      \ 90202
10:34:49,969 AckError_ext  /

10:35:14,770 StartPrg_ext  /
10:35:14,770 StartPrg ignored, invalid number.
10:35:14,770 ConvReset     / conv: 0mm.
10:35:15,382 MainPrg       / 90202
10:36:18,412 MainPrg       \ 90202 conv: 4064.8mm.

10:36:22,749 mode_Auto     /
10:36:22,901 mode_T1       /
10:36:36,257 mode_Auto     /
10:36:36,541 mode_AutoExt  /
10:36:36,673 CheckPrg      / 90202
10:36:36,721 CheckPrg      \ 90202
10:36:43,321 AckError_ext  /

10:37:05,674 StartPrg_ext  /
10:37:05,674 StartPrg ignored, invalid number.
10:37:05,674 ConvReset     / conv: 0mm.
10:37:06,278 MainPrg       / 90202
10:39:05,723 MainPrg       \ 90202 conv: 4083.33mm.

10:39:06,431 mode_Auto     /
10:39:06,779 mode_T1       /
10:39:26,876 mode_Auto     /
10:39:27,140 mode_AutoExt  /
10:39:27,276 CheckPrg      / 90203
10:39:27,324 CheckPrg      \ 90203
10:39:31,976 AckError_ext  /

10:40:22,035 StartPrg_ext  /
10:40:22,035 StartPrg ignored, invalid number.
10:40:22,035 ConvReset     / conv: 0mm.
10:40:22,755 MainPrg       / 90203
10:40:59,889 AckError_ext  /

10:41:32,018 MainPrg       \ 90203 conv: 4631.56mm.

10:41:32,698 mode_Auto     /
10:41:33,018 mode_T1       /
10:41:49,366 mode_Auto     /
10:41:49,746 mode_AutoExt  /
10:41:49,839 CheckPrg      / 90203
10:41:49,886 CheckPrg      \ 90203
10:41:52,887 AckError_ext  /

10:42:14,287 StartPrg_ext  /
10:42:14,287 StartPrg ignored, invalid number.
10:42:14,287 ConvReset     / conv: 0mm.
10:42:14,851 MainPrg       / 90203
10:44:34,289 MainPrg       \ 90203 conv: 4616.86mm.

10:44:36,241 mode_Auto     /
10:44:36,453 mode_T1       /
10:44:55,506 mode_Auto     /
10:44:55,786 mode_AutoExt  /
10:44:55,890 CheckPrg      / 90204
10:44:55,942 CheckPrg      \ 90204
10:44:59,042 AckError_ext  /

10:45:17,943 StartPrg_ext  /
10:45:17,943 StartPrg ignored, invalid number.
10:45:17,943 ConvReset     / conv: 0mm.
10:45:18,563 MainPrg       / 90204
10:46:21,597 MainPrg       \ 90204 conv: 4062.55mm.

10:46:22,061 mode_Auto     /
10:46:22,261 mode_T1       /
14:14:51,320 User          \
16:53:10,834 E-StopC       /
16:53:10,870 E-Stop        /
