Log-file from 2016-05-20

Time      Event
13:21:09,011 99923.prg	imported
13:21:09,481 99923.prg	compiled
13:21:36,319 99919.prg	imported
13:21:36,794 99919.prg	compiled
13:21:37,428 99924.prg	rejected
13:22:04,591 99980.prg	rejected
13:22:34,529 99900.prg	imported
13:22:35,412 99900.prg	compiled
13:22:37,250 99909.prg	imported
13:22:38,153 99909.prg	compiled
13:22:40,073 99910.prg	imported
13:22:40,994 99910.prg	compiled
13:22:42,895 99911.prg	imported
13:22:43,673 99911.prg	compiled
13:22:45,617 99912.prg	imported
13:22:46,092 99912.prg	compiled
13:22:47,685 99914.prg	imported
13:22:48,434 99914.prg	compiled
13:22:50,354 99915.prg	imported
13:22:51,113 99915.prg	compiled
13:22:53,028 99916.prg	imported
13:22:53,815 99916.prg	compiled
13:22:55,548 99920.prg	imported
13:22:56,292 99920.prg	compiled
13:22:58,418 99930.prg	imported
13:22:59,133 99930.prg	compiled
13:23:01,039 99931.prg	imported
13:23:01,773 99931.prg	compiled
13:23:03,660 99932.prg	imported
13:23:04,394 99932.prg	compiled
13:23:06,281 99933.prg	imported
13:23:06,991 99933.prg	compiled
13:23:09,002 99934.prg	imported
13:23:09,732 99934.prg	compiled
13:23:11,623 99990.prg	imported
13:23:12,415 99990.prg	compiled
13:23:14,397 99991.prg	imported
13:23:15,151 99991.prg	compiled
13:23:17,018 99907.dbk	imported
13:23:18,732 99911.dbk	imported
13:23:20,445 99917.dbk	imported
13:23:48,919 99900.dat	imported
13:23:50,585 99909.dat	imported
13:23:52,298 99910.dat	imported
13:23:53,959 99911.dat	imported
13:23:55,625 99912.dat	imported
13:23:57,338 99914.dat	imported
13:23:59,100 99915.dat	imported
13:24:00,813 99916.dat	imported
13:24:02,527 99919.dat	imported
13:24:04,241 99920.dat	imported
13:24:05,954 99923.dat	imported
13:24:06,559 99924.dat	rejected
13:24:08,325 99930.dat	imported
13:24:10,039 99931.dat	imported
13:24:11,700 99932.dat	imported
13:24:13,365 99933.dat	imported
13:24:15,026 99934.dat	imported
13:24:16,692 99980.dat	imported
13:24:18,353 99990.dat	imported
13:24:20,018 99991.dat	imported
13:24:46,879 99980.prg	rejected
13:25:15,204 99919.prg	imported
13:25:15,693 99919.prg	compiled
13:25:17,474 99920.prg	imported
13:25:18,295 99920.prg	compiled
13:25:20,244 99924.prg	imported
13:25:20,733 99924.prg	compiled
13:29:23,935 User	/	3	admin
13:29:34,394 Import device disconnected
13:29:37,615 Import device connected to CF
13:30:16,015 99902.prg	deleted
13:30:19,053 99903.prg	deleted
13:30:21,535 99904.prg	deleted
13:30:25,735 99906.prg	deleted
13:30:29,311 99907.prg	deleted
13:30:34,073 99908.prg	deleted
15:09:41,424 User	\
