Log-file from 2016-06-02

Time      Event
16:30:56,771 User	/	3	admin
16:31:26,973 admin changed Tool99
16:31:38,771 admin changed Tool99
16:32:54,971 admin changed Tool98
16:33:07,015 admin changed Tool98
16:52:47,739 admin changed Tool98
16:53:04,899 admin changed Tool99
16:56:18,605 User	\
16:56:36,067 User	/	3	admin
16:57:07,234 mode_Auto	/
16:57:17,386 StartPrg	/
16:57:17,967 LdInfo	/	99980
16:57:17,971 MainPrg	/	99980
16:57:17,976 LdInfo	\	99980
16:57:51,255 StInfo	/	99980
16:57:51,259 StInfo	\	99980
16:57:51,307 MainPrg	\	99980

16:58:07,786 StartPrg	/
16:58:08,184 LdInfo	/	99912
16:58:08,189 MainPrg	/	99912
16:58:08,194 LdInfo	\	99912
16:58:29,621 StInfo	/	99912
16:58:29,626 StInfo	\	99912
16:58:29,669 MainPrg	\	99912

16:58:31,272 Servopower	\
16:58:32,592 mode_T1	/
16:58:48,965 User	\
