Log-file from 2016-06-09

Time      Event
16:21:18,663 User	/	3	admin
16:27:28,069 E-Stop        /
16:27:28,069 Reboot        \
16:27:28,069 CheckPrg      \ 0
16:27:28,069 Spray         / 0 admin
16:29:17,434 User          / 3 admin
16:36:12,001 E-Stop        /
16:36:12,001 Reboot        \
16:36:12,001 CheckPrg      \ 0
16:36:12,001 Spray         / 0 admin
16:41:52,374 User          / 3 admin
16:46:58,411 E-Stop        \
16:49:26,042 Reboot        \
16:49:26,042 CheckPrg      \ 0
16:49:26,042 Spray         / 0 admin
16:49:46,683 User          / 3 admin
16:51:04,154 E-Stop        /
16:51:32,307 E-Stop        \
16:56:01,145 mode_T1       /
18:36:10,697 User          \
