Log-file from 2016-07-12

Time         Event
08:51:17,518 E-Stop        /
12:28:32,887 90101.prg imported
12:28:34,299 90101.prg compiled
12:28:37,487 90102.prg imported
12:28:38,859 90102.prg compiled
12:28:42,087 90103.prg imported
12:28:43,419 90103.prg compiled
12:28:46,587 90104.prg imported
12:28:47,899 90104.prg compiled
13:48:47,394 E-Stop        \
13:52:16,472 User          / 3 admin
13:52:18,912 admin changed Base offset: dz -9
14:55:24,971 mode_Auto     /
14:55:25,080 mode_AutoExt  /
14:55:27,500 mode_Auto     /
14:55:27,576 mode_T1       /
15:01:00,602 E-Stop        /
15:02:53,208 E-Stop        /
15:02:53,208 Reboot        \
15:02:53,208 CheckPrg      \ 0
15:02:53,208 Spray         / 0 admin
15:03:27,670 E-Stop        \
15:03:27,830 mode_T1       /
16:27:36,945 E-Stop        /
16:28:35,875 E-Stop        \
16:44:22,955 E-Stop        /
17:17:55,302 E-Stop        \
