Log-file from 2016-08-17

Time         Event
08:36:41,027 mode_Auto     /
08:36:41,111 mode_AutoExt  /
08:37:03,275 Servopower    /
08:37:03,391 CheckPrg      / 99900
08:37:03,531 CheckPrg      \ 99900
08:40:26,439 Door          \
08:40:40,460 AckError_ext  /

08:42:11,395 AckError_ext  /

08:42:13,495 AckError_ext  /

08:43:46,393 AckError_ext  /

08:44:45,535 AckError_ext  /

08:45:10,432 AckError_ext  /

08:45:20,928 AckError_ext  /

08:45:58,922 AckError_ext  /

08:46:17,671 AckError_ext  /

08:48:34,552 AckError_ext  /

08:48:36,148 AckError_ext  /

08:54:05,661 AckError_ext  /

08:54:37,606 AckError_ext  /

08:55:51,093 AckError_ext  /

08:59:25,409 CheckPrg      / 20080
08:59:25,581 CheckPrg      \ 20080
08:59:43,954 CheckPrg      / 20080
08:59:44,130 CheckPrg      \ 20080
09:01:24,354 42000.prg imported
09:01:25,566 42000.prg compiled
09:03:05,458 42010.prg imported
09:03:06,770 42010.prg compiled
09:03:52,319 CheckPrg      / 20080
09:03:52,499 CheckPrg      \ 20080
09:04:19,264 StartPrg_ext  /
09:04:19,264 StartPrg ignored, invalid number.
09:04:19,264 ConvReset     / conv: 1185.71mm.
09:04:19,980 MainPrg       / 20080
09:04:20,044 LdCs          \ 20080
09:04:55,809 MainPrg       \ 20080 conv: 3520.41mm.

09:05:31,416 AckError_ext  /

09:08:33,787 AckError_ext  /

09:09:33,129 AckError_ext  /

09:29:39,962 AckError_ext  /

09:29:41,610 AckError_ext  /

09:29:43,962 AckError_ext  /

09:29:57,659 AckError_ext  /

09:30:30,004 AckError_ext  /

09:30:44,753 AckError_ext  /

09:33:36,975 StartPrg_ext  /
09:33:36,975 StartPrg ignored, invalid number.
09:33:36,975 ConvReset     / conv: 1011mm.
09:34:19,669 CheckPrg      / 20080
09:34:19,833 CheckPrg      \ 20080
09:35:17,411 AckError_ext  /

09:36:10,501 AckError_ext  /

09:39:33,382 42000.cs imported
09:39:35,382 42010.cs imported
09:41:24,514 AckError_ext  /

09:41:39,814 AckError_ext  /

09:41:44,063 AckError_ext  /

09:41:47,463 AckError_ext  /

09:48:39,298 AckError_ext  /

09:49:59,196 AckError_ext  /

09:50:03,792 AckError_ext  /

09:53:20,064 AckError_ext  /

10:12:04,357 StartPrg_ext  /
10:12:04,357 StartPrg ignored, invalid number.
10:12:04,357 ConvReset     / conv: 1011mm.
10:12:04,933 MainPrg       / 20080
10:12:05,001 LdCs          \ 20080
10:12:40,730 MainPrg       \ 20080 conv: 3506.12mm.

10:13:11,899 AckError_ext  /

10:29:19,508 AckError_ext  /

10:29:25,744 mode_T1       /
10:29:36,164 User          / 3 admin
11:37:01,011 mode_Auto     /
11:37:01,091 mode_AutoExt  /
11:37:01,183 CheckPrg      / 20080
11:37:01,451 CheckPrg      \ 20080
11:39:20,976 AckError_ext  /

12:08:37,061 User          \
12:22:23,903 AckError_ext  /

12:22:25,652 AckError_ext  /

12:24:08,647 AckError_ext  /

12:56:46,471 AckError_ext  /

12:58:38,403 AckError_ext  /

14:05:17,140 AckError_ext  /

14:05:41,437 AckError_ext  /

14:06:09,782 AckError_ext  /

14:14:34,664 AckError_ext  /

14:14:38,464 AckError_ext  /

