Log-file from 2016-06-28

Time         Event
10:52:21,638 User          / 3 admin
10:52:23,878 admin changed Tool1
10:52:27,478 admin changed Tool1
11:09:16,770 admin changed Tool1
14:07:49,108 admin changed Tool2
14:07:50,748 admin changed Tool3
14:07:52,748 admin changed Tool4
14:07:55,149 admin changed Tool5
14:07:58,629 admin changed Tool7
14:08:00,749 admin changed Tool9
14:08:03,749 admin changed Tool11
14:08:06,029 admin changed Tool13
14:08:08,349 admin changed Tool15
14:08:10,349 admin changed Tool16
14:08:12,269 admin changed Tool17
14:08:14,269 admin changed Tool18
14:08:16,109 admin changed Tool19
14:08:18,749 admin changed Tool20
14:08:20,470 admin changed Tool21
14:08:22,150 admin changed Tool22
14:08:24,750 admin changed Tool23
14:08:26,590 admin changed Tool24
14:08:28,310 admin changed Tool25
14:08:30,310 admin changed Tool26
14:08:32,350 admin changed Tool27
14:08:34,110 admin changed Tool28
14:08:36,110 admin changed Tool29
14:08:47,111 admin changed Tool30
14:08:50,591 admin changed Tool31
14:08:52,791 admin changed Tool32
14:08:55,151 admin changed Tool33
14:08:57,351 admin changed Tool34
14:08:59,151 admin changed Tool35
14:09:01,071 admin changed Tool36
14:09:02,751 admin changed Tool37
14:09:04,391 admin changed Tool38
14:09:05,991 admin changed Tool39
14:09:10,272 admin changed Tool40
14:09:11,872 admin changed Tool41
14:09:14,072 admin changed Tool42
14:09:15,872 admin changed Tool43
14:09:17,712 admin changed Tool44
14:09:19,552 admin changed Tool45
14:09:21,472 admin changed Tool46
14:09:23,272 admin changed Tool47
14:09:25,112 admin changed Tool48
14:09:27,072 admin changed Tool49
14:09:30,232 admin changed Tool50
14:09:32,032 admin changed Tool51
14:09:33,832 admin changed Tool52
14:09:35,553 admin changed Tool53
14:09:37,353 admin changed Tool54
14:09:39,313 admin changed Tool55
14:09:41,273 admin changed Tool56
14:09:43,073 admin changed Tool57
14:09:45,073 admin changed Tool57
14:09:46,833 admin changed Tool58
14:09:49,233 admin changed Tool59
14:09:52,433 admin changed Tool60
14:09:55,233 admin changed Tool61
14:09:57,073 admin changed Tool62
14:09:59,113 admin changed Tool63
14:10:01,034 admin changed Tool64
14:10:02,994 admin changed Tool65
14:10:04,994 admin changed Tool66
14:10:06,794 admin changed Tool67
14:10:08,674 admin changed Tool68
14:10:10,514 admin changed Tool69
14:10:13,714 admin changed Tool70
14:10:15,834 admin changed Tool71
14:10:19,234 admin changed Tool72
14:10:21,194 admin changed Tool73
14:10:22,874 admin changed Tool74
14:10:24,594 admin changed Tool75
14:10:27,795 admin changed Tool76
14:10:32,035 admin changed Tool77
14:10:33,795 admin changed Tool78
14:10:35,595 admin changed Tool79
14:10:38,475 admin changed Tool80
14:10:40,355 admin changed Tool81
14:10:42,075 admin changed Tool82
14:10:43,755 admin changed Tool83
14:10:45,395 admin changed Tool84
14:10:47,155 admin changed Tool85
14:10:48,955 admin changed Tool86
14:10:50,795 admin changed Tool87
14:10:52,636 admin changed Tool88
14:10:55,036 admin changed Tool89
14:10:57,836 admin changed Tool90
14:11:00,236 admin changed Tool91
14:11:02,236 admin changed Tool92
14:11:03,916 admin changed Tool93
14:11:05,556 admin changed Tool94
14:11:07,156 admin changed Tool95
14:11:08,956 admin changed Tool96
16:10:03,681 User          \
