Log-file from 2016-06-07

Time      Event
09:06:52,108 User	/	3	admin
09:14:42,009 admin changed Home5
09:14:55,991 admin changed Home5
09:14:59,611 admin changed Home5
09:15:03,230 admin changed Home5
09:15:06,508 admin changed Home5
09:15:11,711 admin changed Home5
09:15:52,487 admin changed Home5
09:16:35,750 User	\
09:16:58,031 User	/	4	b+m service
09:17:05,011 User	\
09:29:33,458 User	/	3	admin
09:45:36,925 admin changed on axis1 negativ software limitation: -95°
09:45:38,605 admin changed on axis1 positiv software limitation: 95°
10:00:21,243 admin changed Home5
10:00:27,263 admin changed Home5
10:00:33,805 admin changed Home5
10:00:40,506 admin changed Home5
10:00:47,447 admin changed Home5
10:00:51,805 admin changed Home5
10:00:55,885 admin changed Home5
10:00:59,643 admin changed Home5
10:01:01,823 admin changed Home5
10:01:06,047 admin changed Home5
10:01:09,527 admin changed Home5
10:01:38,043 admin changed Home5
10:01:46,223 admin changed Home5
10:01:49,103 admin changed Home5
10:01:53,523 admin changed Home5
10:01:59,567 admin changed Home5
11:54:45,127 User	\
