Log-file from 2016-06-10

Time         Event
10:25:16,098 User          / 3 admin
10:25:18,658 99899.prg compiled
10:25:19,698 99900.prg compiled
10:25:20,778 99909.prg compiled
10:25:21,818 99910.prg compiled
10:25:22,258 99911.prg compiled
10:25:23,618 99912.prg compiled
10:25:24,698 99914.prg compiled
10:25:25,738 99915.prg compiled
10:25:26,778 99916.prg compiled
10:25:27,618 99919.prg compiled
10:25:28,618 99920.prg compiled
10:25:29,458 99923.prg compiled
10:25:30,298 99924.prg compiled
10:25:31,298 99930.prg compiled
10:25:32,298 99931.prg compiled
10:25:33,298 99932.prg compiled
10:25:34,338 99933.prg compiled
10:25:35,338 99934.prg compiled
10:25:36,338 99980.prg compiled
10:25:37,338 99990.prg compiled
10:25:38,339 99991.prg compiled
10:25:39,647 E-Stop        /
10:26:07,928 E-Stop        \
10:26:41,069 mode_T1       /
10:53:10,654 User          \
10:53:17,094 User          / 4 b+m service
10:53:21,895 User          \
12:04:09,344 User          / 4 b+m service
12:05:12,562 mode_T1       /
12:05:12,562 Reboot        \
12:05:12,562 CheckPrg      \ 0
12:05:12,562 Spray         / 0 admin
14:55:32,196 User          / 3 admin
14:55:55,885 admin stored image to FTP sync device
15:05:09,772 admin stored image to FTP sync device
16:44:07,589 User          \
