Log-file from 2016-07-01

Time         Event
10:09:19,837 User          / 3 admin
10:09:56,838 admin changed Tool30
10:10:05,119 admin changed Tool30
10:10:10,679 admin changed Tool30
10:10:14,279 admin changed Tool30
10:10:58,201 admin changed Tool40
10:11:06,961 admin changed Tool40
10:11:11,521 admin changed Tool40
10:11:14,561 admin changed Tool40
10:11:18,002 admin changed Tool40
10:11:40,442 admin changed Tool40
10:11:57,043 admin changed Tool30
10:12:31,164 admin changed Tool91
10:12:40,205 admin changed Tool91
10:12:47,485 admin changed Tool91
10:12:52,005 admin changed Tool91
10:12:55,205 admin changed Tool91
11:54:39,232 User          \
