Log-file from 2016-02-23

Time      Event
10:29:30,583 E-Stop	/
10:29:30,583 Reboot	/
10:29:30,583 CheckPrgNet	/	
10:29:30,583 Spray	/	0	
10:29:31,975 WorkDir_CF	/
10:29:34,735 Reboot	\
10:29:45,693 Import device connected to CF
10:30:22,091 User	/	3	admin
10:31:11,541 E-Stop	\
10:31:17,104 mode_T1	/
10:31:25,773 User	\
10:42:43,603 E-Stop	/
10:42:43,603 Reboot	/
10:42:43,603 CheckPrgNet	/	
10:42:43,603 Spray	/	0	
10:42:44,995 WorkDir_CF	/
10:42:46,603 E-Stop	\
10:42:47,851 Reboot	\
10:43:00,475 Import device connected to CF
10:43:00,609 mode_T1	/
10:44:37,555 User	/	3	admin
