Log-file from 2016-06-28

Time         Event
10:58:38,453 User          / 3 admin
13:57:08,279 admin changed Tool2
13:57:10,599 admin changed Tool3
13:57:13,519 admin changed Tool4
13:57:15,759 admin changed Tool5
13:57:19,679 admin changed Tool7
13:57:24,559 admin changed Tool9
13:58:42,642 admin changed Tool11
13:58:44,922 admin changed Tool13
13:58:47,242 admin changed Tool15
13:58:49,322 admin changed Tool16
13:58:51,242 admin changed Tool17
13:58:53,082 admin changed Tool18
13:58:56,642 admin changed Tool18
13:58:59,362 admin changed Tool19
13:59:02,882 admin changed Tool20
13:59:06,082 admin changed Tool21
13:59:10,403 admin changed Tool22
13:59:12,483 admin changed Tool23
13:59:18,003 admin changed Tool24
13:59:20,043 admin changed Tool25
13:59:23,203 admin changed Tool26
13:59:34,723 admin changed Tool27
13:59:38,003 admin changed Tool28
13:59:40,243 admin changed Tool29
13:59:47,364 admin changed Tool30
13:59:49,644 admin changed Tool31
13:59:52,044 admin changed Tool32
13:59:54,204 admin changed Tool33
13:59:57,564 admin changed Tool34
14:00:00,724 admin changed Tool35
14:00:02,764 admin changed Tool36
14:00:04,884 admin changed Tool37
14:00:07,164 admin changed Tool38
14:00:10,284 admin changed Tool39
14:00:13,804 admin changed Tool40
14:00:16,324 admin changed Tool41
14:00:18,685 admin changed Tool42
14:00:21,005 admin changed Tool43
14:00:23,405 admin changed Tool44
14:00:25,685 admin changed Tool45
14:00:29,125 admin changed Tool46
14:00:31,485 admin changed Tool47
14:00:34,605 admin changed Tool48
14:00:36,805 admin changed Tool49
14:00:40,285 admin changed Tool50
14:00:42,685 admin changed Tool51
14:00:44,805 admin changed Tool52
14:00:47,765 admin changed Tool53
14:00:49,926 admin changed Tool54
14:00:52,086 admin changed Tool55
14:00:54,566 admin changed Tool55
14:00:56,806 admin changed Tool56
14:00:59,086 admin changed Tool57
14:01:01,286 admin changed Tool58
14:01:05,166 admin changed Tool59
14:01:10,926 admin changed Tool60
14:01:13,126 admin changed Tool61
14:01:15,526 admin changed Tool62
14:01:17,726 admin changed Tool63
14:01:22,407 admin changed Tool64
14:01:25,727 admin changed Tool65
14:01:28,287 admin changed Tool66
14:01:30,527 admin changed Tool67
14:01:37,007 admin changed Tool68
14:01:40,887 admin changed Tool69
14:01:46,407 admin changed Tool70
14:01:49,847 admin changed Tool71
14:01:52,247 admin changed Tool72
14:01:54,528 admin changed Tool73
14:01:57,008 admin changed Tool74
14:01:59,499 admin changed Tool75
14:02:02,059 admin changed Tool76
14:02:04,259 admin changed Tool77
14:02:06,659 admin changed Tool78
14:02:09,219 admin changed Tool79
14:02:12,579 admin changed Tool80
14:02:14,659 admin changed Tool81
14:02:17,259 admin changed Tool82
14:02:19,539 admin changed Tool83
14:02:21,739 admin changed Tool84
14:02:42,980 admin changed Tool85
14:02:45,220 admin changed Tool86
14:02:47,500 admin changed Tool87
14:02:50,020 admin changed Tool88
14:02:52,420 admin changed Tool89
14:02:56,500 admin changed Tool90
14:02:58,780 admin changed Tool91
14:03:01,141 admin changed Tool92
14:03:03,301 admin changed Tool93
14:03:06,541 admin changed Tool94
14:03:08,541 admin changed Tool95
14:03:12,141 admin changed Tool95
14:03:15,261 admin changed Tool95
14:03:17,781 admin changed Tool96
17:38:56,160 User          \
