(52059) Started saving values at 2016-07-27-11:48:33
(52056) Using assignmentsfile 'Workspace_asms.xml', changed=2016-07-26-15:50:14
(52062) Valuesfile 'Parameter/Workspace.xml' successfully created
(52060) Section 'Workspace - Start Point'
(52060) Section 'Workspace - End Point'
(52060) Section 'Number of active restricted areas'
(52060) Section 'Restricted Area 0 - Start Point'
(52060) Section 'Restricted Area 0 - End Point'
(52060) Section 'Restricted Area 1 - Start Point'
(52060) Section 'Restricted Area 1 - End Point'
(52060) Section 'Restricted Area 2 - Start Point'
(52060) Section 'Restricted Area 2 - End Point'
(52060) Section 'Restricted Area 3 - Start Point'
(52060) Section 'Restricted Area 3 - End Point'
(52060) Section 'Restricted Area 4 - Start Point'
(52060) Section 'Restricted Area 4 - End Point'
(52060) Section 'Restricted Area 5 - Start Point'
(52060) Section 'Restricted Area 5 - End Point'
(52060) Section 'Restricted Area 6 - Start Point'
(52060) Section 'Restricted Area 6 - End Point'
(52060) Section 'Restricted Area 7 - Start Point'
(52060) Section 'Restricted Area 7 - End Point'
(52060) Section 'Restricted Area 8 - Start Point'
(52060) Section 'Restricted Area 8 - End Point'
(52060) Section 'Restricted Area 9 - Start Point'
(52060) Section 'Restricted Area 9 - End Point'
(52060) Section 'Collision Detection'
(52060) Section 'Collision Detection Alignment Robot1'
(52060) Section 'Collision Detection Alignment Robot2'
(52060) Section 'Collision Detection Alignment Robot3'
(52060) Section 'Collision Detection Alignment Robot4'
(52015) Finished saving values at 2016-07-27-11:48:34
