Log-file from 2016-06-28

Time         Event
11:00:54,849 User          / 3 admin
13:01:58,423 admin changed Tool1
13:02:09,824 admin changed Tool96
13:02:16,024 admin changed Tool1
13:02:23,904 admin changed Tool6
13:02:27,904 admin changed Tool2
13:02:35,025 admin changed Tool8
13:02:39,345 admin changed Tool10
13:02:41,785 admin changed Tool12
13:02:44,185 admin changed Tool10
13:02:46,505 admin changed Tool14
13:02:52,586 admin changed Tool97
13:02:54,746 admin changed Tool98
13:02:56,746 admin changed Tool99
13:53:22,500 admin changed Tool3
13:53:24,620 admin changed Tool4
13:53:26,620 admin changed Tool5
13:53:28,940 admin changed Tool7
13:53:30,740 admin changed Tool9
13:53:34,060 admin changed Tool11
13:53:36,061 admin changed Tool13
13:53:38,181 admin changed Tool15
13:53:40,021 admin changed Tool16
13:53:41,821 admin changed Tool17
13:53:43,781 admin changed Tool18
13:53:45,661 admin changed Tool19
13:53:48,981 admin changed Tool20
13:53:50,821 admin changed Tool21
13:53:52,461 admin changed Tool22
13:53:54,221 admin changed Tool23
13:53:55,902 admin changed Tool24
13:53:57,702 admin changed Tool25
13:53:59,382 admin changed Tool26
13:54:01,262 admin changed Tool27
13:54:03,102 admin changed Tool28
13:54:05,222 admin changed Tool29
13:54:08,382 admin changed Tool30
13:54:10,102 admin changed Tool31
13:54:11,822 admin changed Tool32
13:54:13,542 admin changed Tool33
13:54:15,222 admin changed Tool34
13:54:16,943 admin changed Tool35
13:54:19,463 admin changed Tool36
13:54:21,263 admin changed Tool37
13:54:23,183 admin changed Tool38
13:54:25,063 admin changed Tool39
13:54:28,183 admin changed Tool40
13:54:30,183 admin changed Tool41
13:54:31,943 admin changed Tool42
13:54:33,623 admin changed Tool43
13:54:35,223 admin changed Tool44
13:54:36,983 admin changed Tool45
13:54:38,664 admin changed Tool46
13:54:40,544 admin changed Tool47
13:54:42,464 admin changed Tool48
13:54:44,064 admin changed Tool49
13:54:46,944 admin changed Tool50
13:54:48,984 admin changed Tool51
13:54:52,043 admin changed Tool52
13:54:54,346 admin changed Tool53
13:54:56,106 admin changed Tool54
13:54:57,587 admin changed Tool55
13:54:59,187 admin changed Tool56
13:55:00,907 admin changed Tool57
13:55:02,707 admin changed Tool58
13:55:04,507 admin changed Tool59
13:55:07,067 admin changed Tool60
13:55:09,067 admin changed Tool61
13:55:11,067 admin changed Tool62
13:55:12,747 admin changed Tool63
13:55:14,267 admin changed Tool64
13:55:15,787 admin changed Tool65
13:55:17,507 admin changed Tool66
13:55:19,188 admin changed Tool67
13:55:20,868 admin changed Tool68
13:55:22,748 admin changed Tool69
13:55:31,868 admin changed Tool70
13:55:34,948 admin changed Tool71
13:55:36,708 admin changed Tool70
13:55:38,508 admin changed Tool72
13:55:40,149 admin changed Tool73
13:55:41,829 admin changed Tool74
13:55:43,749 admin changed Tool75
13:55:45,349 admin changed Tool76
13:55:47,109 admin changed Tool77
13:55:48,909 admin changed Tool78
13:55:50,869 admin changed Tool79
13:55:53,669 admin changed Tool80
13:55:55,309 admin changed Tool81
13:55:57,229 admin changed Tool82
13:55:58,869 admin changed Tool83
13:56:01,270 admin changed Tool84
13:56:03,310 admin changed Tool85
13:56:04,950 admin changed Tool86
13:56:06,510 admin changed Tool87
13:56:08,390 admin changed Tool87
13:56:10,230 admin changed Tool88
13:56:12,110 admin changed Tool89
13:56:15,710 admin changed Tool90
13:56:17,470 admin changed Tool91
13:56:19,070 admin changed Tool92
13:56:20,631 admin changed Tool93
13:56:22,431 admin changed Tool94
13:56:26,231 admin changed Tool95
13:56:28,071 admin changed Tool96
16:06:30,706 User          \
