Log-file from 2016-07-13

Time         Event
09:33:07,876 User          / 3 admin
12:07:55,241 mode_Auto     /
12:07:55,713 mode_AutoExt  /
12:07:55,805 CheckPrg      / 90102
12:07:55,853 CheckPrg      \ 90102
12:08:04,953 AckError_ext  /

12:08:34,655 StartPrg_ext  /
12:08:34,655 StartPrg ignored, invalid number.
12:08:34,655 ConvReset     / conv: 0mm.
12:08:35,247 MainPrg       / 90102
12:09:45,686 MainPrg       \ 90102 conv: 4560.34mm.

12:09:46,742 mode_Auto     /
12:09:46,930 mode_T1       /
12:10:06,411 admin changed conveyor settings: entered or calculated new factor 39085
12:11:50,468 mode_Auto     /
12:11:50,976 mode_AutoExt  /
12:11:51,108 CheckPrg      / 90102
12:11:51,160 CheckPrg      \ 90102
12:11:52,348 mode_Auto     /
12:11:54,921 mode_T1       /
12:13:20,897 mode_Auto     /
12:13:21,213 mode_AutoExt  /
12:13:21,313 CheckPrg      / 90102
12:13:21,361 CheckPrg      \ 90102
12:13:43,614 AckError_ext  /

12:13:48,614 StartPrg_ext  /
12:13:48,614 StartPrg ignored, invalid number.
12:13:48,614 ConvReset     / conv: 0mm.
12:13:49,270 MainPrg       / 90102
12:15:01,502 MainPrg       \ 90102 conv: 4566.48mm.

12:15:03,310 mode_Auto     /
12:15:03,534 mode_T1       /
12:15:17,666 admin changed conveyor settings: entered or calculated new factor 39102
12:15:32,587 admin changed Base offset: dy 1
12:16:25,866 mode_Auto     /
12:16:26,174 mode_AutoExt  /
12:16:26,266 CheckPrg      / 90102
12:16:26,318 CheckPrg      \ 90102
12:16:29,366 AckError_ext  /

12:16:35,766 StartPrg_ext  /
12:16:35,766 StartPrg ignored, invalid number.
12:16:35,766 ConvReset     / conv: 0mm.
12:16:36,370 MainPrg       / 90102
12:17:46,686 MainPrg       \ 90102 conv: 4769.38mm.

12:17:47,082 mode_Auto     /
12:17:47,686 mode_T1       /
12:18:08,233 admin changed conveyor settings: entered or calculated new factor 39151
12:18:57,783 mode_Auto     /
12:18:58,315 mode_AutoExt  /
12:18:58,427 CheckPrg      / 90102
12:18:58,479 CheckPrg      \ 90102
12:19:00,827 AckError_ext  /

12:19:09,780 StartPrg_ext  /
12:19:09,780 StartPrg ignored, invalid number.
12:19:09,780 ConvReset     / conv: 0mm.
12:19:10,336 MainPrg       / 90102
12:20:20,771 MainPrg       \ 90102 conv: 4667.48mm.

12:20:21,863 mode_Auto     /
12:20:22,083 mode_T1       /
12:20:39,320 admin changed conveyor settings: entered or calculated new factor 39185
12:30:05,111 mode_Auto     /
12:30:05,599 mode_AutoExt  /
12:30:05,703 CheckPrg      / 90102
12:30:05,755 CheckPrg      \ 90102
12:30:08,955 AckError_ext  /

12:30:14,104 StartPrg_ext  /
12:30:14,104 StartPrg ignored, invalid number.
12:30:14,104 ConvReset     / conv: 0mm.
12:30:14,736 MainPrg       / 90102
12:31:25,163 MainPrg       \ 90102 conv: 4551.46mm.

12:31:32,199 mode_Auto     /
12:31:33,188 mode_T1       /
12:31:42,672 admin changed conveyor settings: entered or calculated new factor 39125
12:32:15,950 mode_Auto     /
12:32:16,282 mode_AutoExt  /
12:32:16,410 CheckPrg      / 90102
12:32:16,458 CheckPrg      \ 90102
12:32:19,658 AckError_ext  /

12:32:24,958 StartPrg_ext  /
12:32:24,958 StartPrg ignored, invalid number.
12:32:24,958 ConvReset     / conv: 0mm.
12:32:25,710 MainPrg       / 90102
12:33:35,913 MainPrg       \ 90102 conv: 4557.14mm.

12:33:37,522 mode_Auto     /
12:33:37,670 mode_T1       /
14:03:31,816 mode_Auto     /
14:03:32,336 mode_AutoExt  /
14:03:32,472 CheckPrg      / 90101
14:03:32,520 CheckPrg      \ 90101
14:03:41,720 AckError_ext  /

14:04:06,569 StartPrg_ext  /
14:04:06,569 StartPrg ignored, invalid number.
14:04:06,569 ConvReset     / conv: 0mm.
14:04:07,173 MainPrg       / 90101
14:05:09,212 MainPrg       \ 90101 conv: 4061.57mm.

14:05:10,088 mode_Auto     /
14:05:10,436 mode_T1       /
14:05:39,878 mode_T1       /
14:05:40,282 mode_Auto     /
14:05:41,166 mode_AutoExt  /
14:05:41,274 CheckPrg      / 90101
14:05:41,322 CheckPrg      \ 90101
14:05:43,722 AckError_ext  /

14:05:55,823 StartPrg_ext  /
14:05:55,823 StartPrg ignored, invalid number.
14:05:55,823 ConvReset     / conv: 0mm.
14:05:56,471 MainPrg       / 90101
14:08:38,269 MainPrg       \ 90101 conv: 4100.5mm.

14:08:38,729 mode_Auto     /
14:08:38,969 mode_T1       /
14:08:56,718 mode_Auto     /
14:08:57,274 mode_AutoExt  /
14:08:57,386 CheckPrg      / 90101
14:08:57,438 CheckPrg      \ 90101
14:08:59,939 AckError_ext  /

14:09:24,736 StartPrg_ext  /
14:09:24,736 StartPrg ignored, invalid number.
14:09:24,736 ConvReset     / conv: 0mm.
14:09:25,348 MainPrg       / 90101
14:10:27,419 MainPrg       \ 90101 conv: 4094.08mm.

14:10:28,427 mode_Auto     /
14:10:28,651 mode_T1       /
14:10:55,460 mode_Auto     /
14:10:56,068 mode_AutoExt  /
14:10:56,188 CheckPrg      / 90101
14:10:56,240 CheckPrg      \ 90101
14:11:07,041 CheckPrg      / 90102
14:11:07,089 CheckPrg      \ 90102
14:11:09,689 StartPrg_ext  /
14:11:09,689 StartPrg ignored, invalid number.
14:11:09,689 ConvReset     / conv: 0mm.
14:11:10,249 MainPrg       / 90102
14:11:14,189 AckError_ext  /

14:12:20,608 MainPrg       \ 90102 conv: 4570.38mm.

14:12:21,120 mode_Auto     /
14:12:21,312 mode_T1       /
14:12:43,209 mode_Auto     /
14:12:43,737 mode_AutoExt  /
14:12:43,841 CheckPrg      / 90102
14:12:43,893 CheckPrg      \ 90102
14:12:46,141 AckError_ext  /

14:12:51,642 StartPrg_ext  /
14:12:51,642 StartPrg ignored, invalid number.
14:12:51,642 ConvReset     / conv: 0mm.
14:12:52,258 MainPrg       / 90102
14:15:30,553 MainPrg       \ 90102 conv: 4592.13mm.

14:15:31,289 mode_Auto     /
14:15:31,477 mode_T1       /
14:16:17,568 mode_Auto     /
14:16:18,184 mode_AutoExt  /
14:16:18,296 CheckPrg      / 90103
14:16:18,348 CheckPrg      \ 90103
14:16:21,548 AckError_ext  /

14:16:27,648 StartPrg_ext  /
14:16:27,648 StartPrg ignored, invalid number.
14:16:27,648 ConvReset     / conv: 0mm.
14:16:28,276 MainPrg       / 90103
14:17:30,967 MainPrg       \ 90103 conv: 4239.08mm.

14:17:31,579 mode_Auto     /
14:17:31,995 mode_T1       /
14:18:03,317 mode_Auto     /
14:18:03,713 mode_AutoExt  /
14:18:03,849 CheckPrg      / 90103
14:18:03,901 CheckPrg      \ 90103
14:18:06,149 AckError_ext  /

14:19:41,913 StartPrg_ext  /
14:19:41,913 StartPrg ignored, invalid number.
14:19:41,913 ConvReset     / conv: 0mm.
14:19:42,537 MainPrg       / 90103
14:22:00,603 MainPrg       \ 90103 conv: 4340.52mm.

14:22:01,659 mode_Auto     /
14:22:02,531 mode_T1       /
14:22:30,545 mode_Auto     /
14:22:31,009 mode_AutoExt  /
14:22:31,117 CheckPrg      / 90104
14:22:31,165 CheckPrg      \ 90104
14:22:34,665 AckError_ext  /

14:23:42,216 StartPrg_ext  /
14:23:42,216 StartPrg ignored, invalid number.
14:23:42,216 ConvReset     / conv: 0mm.
14:23:42,852 MainPrg       / 90104
14:24:45,083 MainPrg       \ 90104 conv: 4108.4mm.

14:24:45,791 mode_Auto     /
14:24:46,367 mode_T1       /
16:02:39,659 User          \
16:53:10,507 E-Stop        /
