Log-file from 2016-05-20

Time      Event
13:36:05,370 99907.dbk	imported
13:36:07,084 99911.dbk	imported
13:36:08,797 99917.dbk	imported
13:36:55,112 99900.prg	imported
13:36:56,034 99900.prg	compiled
13:36:57,935 99909.prg	imported
13:36:58,852 99909.prg	compiled
13:37:00,810 99910.prg	imported
13:37:01,732 99910.prg	compiled
13:37:03,479 99911.prg	imported
13:37:04,232 99911.prg	compiled
13:37:06,152 99912.prg	imported
13:37:07,055 99912.prg	compiled
13:37:08,922 99914.prg	imported
13:37:09,652 99914.prg	compiled
13:37:11,442 99915.prg	imported
13:37:12,215 99915.prg	compiled
13:37:14,164 99916.prg	imported
13:37:14,932 99916.prg	compiled
13:37:16,837 99920.prg	imported
13:37:17,572 99920.prg	compiled
13:37:19,458 99930.prg	imported
13:37:20,231 99930.prg	compiled
13:37:22,180 99931.prg	imported
13:37:23,015 99931.prg	compiled
13:37:24,748 99932.prg	imported
13:37:25,535 99932.prg	compiled
13:37:27,522 99933.prg	imported
13:37:28,295 99933.prg	compiled
13:37:30,191 99934.prg	imported
13:37:30,954 99934.prg	compiled
13:37:32,812 99980.prg	imported
13:37:33,752 99980.prg	compiled
13:37:35,687 99990.prg	imported
13:37:36,532 99990.prg	compiled
13:37:38,408 99991.prg	imported
13:37:39,152 99991.prg	compiled
13:38:03,407 99919.prg	imported
13:38:03,892 99919.prg	compiled
13:38:05,572 99923.prg	imported
13:38:06,052 99923.prg	compiled
13:38:07,842 99924.prg	imported
13:38:08,312 99924.prg	compiled
13:38:31,477 99900.dat	rejected
13:38:33,292 99909.dat	imported
13:38:35,106 99910.dat	imported
13:38:36,772 99911.dat	imported
13:38:38,432 99912.dat	imported
13:38:40,146 99914.dat	imported
13:38:41,812 99915.dat	imported
13:38:43,472 99916.dat	imported
13:38:45,138 99919.dat	imported
13:38:46,952 99920.dat	imported
13:38:48,916 99923.dat	imported
13:38:50,730 99924.dat	imported
13:38:52,396 99930.dat	imported
13:38:54,056 99931.dat	imported
13:38:55,722 99932.dat	imported
13:38:55,852 User	/	3	admin
13:38:56,893 Import device disconnected
13:38:59,994 Import device connected to CF
13:39:06,709 99933.dat	imported
13:39:08,423 99934.dat	imported
13:39:10,084 99980.dat	imported
13:39:11,749 99990.dat	imported
13:39:13,410 99991.dat	imported
15:19:35,705 User	\
