Log-file from 2016-08-11

Time         Event
10:03:41,074 E-Stop        /
10:48:40,985 E-Stop        \
13:22:49,742 20181.prg imported
13:22:50,974 20181.prg compiled
13:24:00,645 20183.prg imported
13:24:01,857 20183.prg compiled
13:25:15,901 User          / 3 admin
13:27:38,152 CheckPrg      \ 20181
13:27:40,276 mode_T2       /
13:27:57,521 StartPrg      / conv: 2800.6mm.
13:27:57,541 BreakPrg      / conv: 2800.6mm.
13:28:01,073 StopPrg       /
13:28:33,719 CheckPrg      \ 20181
13:29:03,056 StartPrg      / conv: 2800.6mm.
13:29:03,080 BreakPrg      / conv: 2800.6mm.
13:29:15,564 StopPrg       /
13:29:41,234 StartPrg      / conv: 583mm.
13:29:41,306 BreakPrg      / conv: 583.01mm.
13:29:46,322 ContinuePrg   / conv: 583.03mm.
13:29:46,738 MainPrg       / 20181
13:29:49,102 BreakPrg      / conv: 660.73mm.
13:29:50,902 ContinuePrg   / conv: 678.15mm.
13:30:06,203 BreakPrg      / conv: 1183.48mm.
13:30:07,851 ContinuePrg   / conv: 1200.77mm.
13:30:12,983 BreakPrg      / conv: 1358.82mm.
13:30:15,263 ContinuePrg   / conv: 1376.25mm.
13:31:19,874 MainPrg       \ 20181 conv: 3567.63mm.

13:32:00,728 CheckPrg      \ 20181
13:32:14,369 StartPrg      / conv: 853mm.
13:32:14,441 BreakPrg      / conv: 853.01mm.
13:32:17,389 ContinuePrg   / conv: 853.03mm.
13:32:17,877 MainPrg       / 20181
13:32:26,710 BreakPrg      / conv: 1154.04mm.
13:32:27,730 BreakPrg      / conv: 1171.47mm.
13:32:28,378 ContinuePrg   / conv: 1171.47mm.
13:33:38,921 MainPrg       \ 20181 conv: 3564.3mm.

13:33:58,594 StartPrg      / conv: 3581.72mm.
13:33:58,670 BreakPrg      / conv: 853.01mm.
13:34:03,534 ContinuePrg   / conv: 853.03mm.
13:34:03,922 MainPrg       / 20181
13:34:44,284 MainPrg       \ 20181 conv: 3568.74mm.

13:35:57,216 CheckPrg      \ -20183
13:36:24,177 StartPrg ignored, invalid number.
13:36:34,630 StartPrg ignored, invalid number.
13:36:37,530 StartPrg ignored, invalid number.
13:36:48,538 StartPrg ignored, invalid number.
13:37:09,291 CheckPrg      \ -20183
13:38:24,071 CheckPrg      \ 20183
13:38:24,735 CheckPrg      \ 20183
13:38:31,215 StartPrg      / conv: 3637.76mm.
13:38:31,291 BreakPrg      / conv: 853.01mm.
13:38:35,787 ContinuePrg   / conv: 853.03mm.
13:38:36,296 MainPrg       / 20183
13:38:36,672 MainPrg       \ 20183 conv: 866.2mm.

13:39:39,723 mode_T1       /
13:46:04,830 20183.prg imported
13:46:06,242 20183.prg compiled
13:46:06,302 CheckPrg      \ 20183
13:46:47,536 CheckPrg      \ 20183
13:46:53,548 mode_T2       /
13:47:09,241 StartPrg      / conv: 943.23mm.
13:47:09,317 BreakPrg      / conv: 853.01mm.
13:47:14,073 ContinuePrg   / conv: 853.03mm.
13:47:14,793 MainPrg       / 20183
13:47:16,002 MainPrg       \ 20183 conv: 865.46mm.

13:51:39,946 20183.prg imported
13:51:41,298 20183.prg compiled
13:51:41,378 CheckPrg      \ 20183
13:52:30,589 CheckPrg      \ 20183
13:52:31,825 mode_T2       /
13:52:48,022 StartPrg      / conv: 878.02mm.
13:52:48,094 BreakPrg      / conv: 853.01mm.
13:52:50,750 ContinuePrg   / conv: 853.03mm.
13:52:51,258 MainPrg       / 20183
13:52:52,282 MainPrg       \ 20183 conv: 888.09mm.

13:56:24,436 CheckPrg      \ 20183
13:56:28,564 CheckPrg      \ 20183
13:56:29,324 CheckPrg      \ 20183
13:56:33,896 mode_T1       /
13:56:59,926 CheckPrg      \ 20183
13:57:07,202 mode_T2       /
13:57:12,690 StartPrg      / conv: 965.1mm.
13:57:12,762 BreakPrg      / conv: 853.01mm.
13:57:16,062 ContinuePrg   / conv: 853.03mm.
13:57:16,570 MainPrg       / 20183
13:57:19,519 MainPrg       \ 20183 conv: 953.69mm.

13:59:46,334 mode_T1       /
15:42:51,171 User          \
16:18:58,834 User          / 3 admin
16:19:11,194 20080.cs: code 44444 created
16:21:51,922 20080.cs: code 12345 created
16:22:04,283 20080.cs: code 12345 copied to 23456
16:23:24,047 20080.cs: code 12345 deleted
16:23:26,047 20080.cs: code 23456 deleted
16:23:39,207 20080.cs: code 44444 deleted
18:01:30,970 User          \
