Log-file from 2016-07-18

Time         Event
10:56:04,646 20141.prg imported
10:56:05,838 20141.prg compiled
10:56:08,946 20143.prg imported
10:56:10,118 20143.prg compiled
11:17:56,589 CheckPrg      \ 20141
11:18:14,105 User          / 3 admin
11:18:27,582 StopPrg       /
11:18:31,362 mode_T2       /
11:18:52,355 mode_T1       /
11:20:35,840 CheckPrg      \ 20141
11:21:47,708 Spray         \ 0 admin
11:21:50,608 Spray         / 0 admin
11:21:52,348 Spray         \ 0 admin
11:21:53,508 Spray         / 0 admin
11:22:25,446 CheckPrg      \ 90104
11:22:36,682 CheckPrg      \ 90104
11:23:00,723 CheckPrg      \ 20141
11:23:26,445 CheckPrg      \ 90104
11:35:24,300 mode_T2       /
11:35:50,834 StartPrg      / conv: 1.1109e+06mm.
11:35:50,926 BreakPrg      / conv: 0.01mm.
11:35:55,226 ContinuePrg   / conv: 0.03mm.
11:35:55,694 MainPrg       / 90104
11:35:56,018 StopPrg       /
11:35:56,018 MainPrg       \ 90104 conv: 10.48mm.

11:38:33,983 mode_T1       /
11:39:33,830 mode_T1       /
11:39:34,290 StopPrg       /
11:39:46,927 StopPrg       /
11:40:02,336 CheckPrg      \ 20141
11:40:03,136 CheckPrg      \ 20141
11:40:04,400 mode_T2       /
11:40:18,392 StartPrg      / conv: 21.47mm.
11:40:18,468 BreakPrg      / conv: 0.01mm.
11:40:36,377 CheckPrg      \ 20141
11:41:10,543 CheckPrg      \ 20141
11:41:18,667 StartPrg      / conv: 0.03mm.
11:41:18,743 BreakPrg      / conv: 0.01mm.
11:41:24,084 ContinuePrg   / conv: 0.03mm.
11:41:24,720 MainPrg       / 20141
11:41:39,385 BreakPrg      / conv: 103.83mm.
11:41:45,165 ContinuePrg   / conv: 104.56mm.
11:42:57,072 MainPrg       \ 20141 conv: 2543.85mm.

11:43:09,473 StartPrg      / conv: 2561.28mm.
11:43:09,549 BreakPrg      / conv: 0.01mm.
11:43:13,089 ContinuePrg   / conv: 0.03mm.
11:43:13,481 MainPrg       / 20141
11:43:51,075 MainPrg       \ 20141 conv: 2526.59mm.

11:44:18,224 User          \
11:59:18,689 mode_T1       /
16:24:04,855 User          / 3 admin
19:00:44,590 User          \
