Log-file from 2016-06-09

Time      Event
07:53:22,747 User	/	3	admin
09:50:30,064 User	\
16:25:24,965 User	/	3	admin
16:31:29,887 E-Stop        /
16:31:29,887 Reboot        \
16:31:29,887 CheckPrg      \ 0
16:31:29,887 Spray         / 0 admin
16:31:46,407 User          / 3 admin
16:40:21,361 E-Stop        /
16:40:21,361 Reboot        \
16:40:21,361 CheckPrg      \ 0
16:40:21,361 Spray         / 0 admin
16:44:56,774 User          / 3 admin
16:49:39,884 E-Stop        \
16:51:54,750 Reboot        \
16:51:54,750 CheckPrg      \ 0
16:51:54,750 Spray         / 0 admin
16:54:21,037 User          / 3 admin
16:55:30,900 E-Stop        /
16:55:59,030 E-Stop        \
16:58:02,376 mode_T1       /
18:34:37,140 User          \
