Log-file from 2016-07-19

Time         Event
09:51:16,492 E-Stop        /
09:52:46,581 E-Stop        \
11:07:50,498 40010.prg imported
11:07:51,730 40010.prg compiled
11:08:17,499 40000.prg imported
11:08:18,691 40000.prg compiled
11:22:20,297 CheckPrg      \ 40000
11:22:22,181 mode_T2       /
11:22:38,894 User          / 3 admin
11:22:49,234 StartPrg      / conv: 0mm.
11:22:49,310 BreakPrg      / conv: 0.01mm.
11:22:56,123 ContinuePrg   / conv: 0.03mm.
11:22:56,551 MainPrg       / 40000
11:23:56,550 MainPrg       \ 40000 conv: 2047.1mm.

11:24:02,798 StartPrg      / conv: 2064.52mm.
11:24:02,874 BreakPrg      / conv: 0.01mm.
11:24:10,806 ContinuePrg   / conv: 0.03mm.
11:24:11,198 MainPrg       / 40000
11:24:41,232 MainPrg       \ 40000 conv: 2009.99mm.

11:25:32,602 CheckPrg      \ 40010
11:25:39,963 StartPrg      / conv: 2079.01mm.
11:25:40,039 BreakPrg      / conv: 0.01mm.
11:25:43,931 ContinuePrg   / conv: 0.03mm.
11:25:44,351 MainPrg       / 40010
11:26:58,759 MainPrg       \ 40010 conv: 2539.1mm.

11:27:11,743 StartPrg      / conv: 2556.52mm.
11:27:11,819 BreakPrg      / conv: 0.01mm.
11:27:13,395 ContinuePrg   / conv: 0.03mm.
11:27:13,783 MainPrg       / 40010
11:27:51,161 MainPrg       \ 40010 conv: 2511.83mm.

11:28:21,791 User          \
11:28:23,963 mode_T1       /
